# JRE version: OpenJDK Runtime Environment (13.0+33) (build 13+33)
# Java VM: OpenJDK 64-Bit Server VM (13+33, mixed mode, sharing, tiered, compressed oops, g1 gc, windows-amd64)
Heap:
 garbage-first heap   total 147456K, used 128867K [0x0000000081c00000, 0x0000000100000000)
  region size 1024K, 72 young (73728K), 1 survivors (1024K)
 Metaspace       used 27090K, capacity 27708K, committed 28028K, reserved 1075200K
  class space    used 2842K, capacity 3127K, committed 3196K, reserved 1048576K
GC Heap History (20 events):
Event: 929.669 GC heap before
{Heap before GC invocations=7536 (full 0):
 garbage-first heap   total 147456K, used 128860K [0x0000000081c00000, 0x0000000100000000)
  region size 1024K, 74 young (75776K), 1 survivors (1024K)
 Metaspace       used 27065K, capacity 27676K, committed 28028K, reserved 1075200K
  class space    used 2839K, capacity 3095K, committed 3196K, reserved 1048576K
}
Event: 929.670 GC heap after
{Heap after GC invocations=7537 (full 0):
 garbage-first heap   total 147456K, used 54111K [0x0000000081c00000, 0x0000000100000000)
  region size 1024K, 1 young (1024K), 1 survivors (1024K)
 Metaspace       used 27065K, capacity 27676K, committed 28028K, reserved 1075200K
  class space    used 2839K, capacity 3095K, committed 3196K, reserved 1048576K
}
Event: 929.782 GC heap before
{Heap before GC invocations=7537 (full 0):
 garbage-first heap   total 147456K, used 128863K [0x0000000081c00000, 0x0000000100000000)
  region size 1024K, 74 young (75776K), 1 survivors (1024K)
 Metaspace       used 27065K, capacity 27676K, committed 28028K, reserved 1075200K
  class space    used 2839K, capacity 3095K, committed 3196K, reserved 1048576K
}
Event: 929.782 GC heap after
{Heap after GC invocations=7538 (full 0):
 garbage-first heap   total 147456K, used 54111K [0x0000000081c00000, 0x0000000100000000)
  region size 1024K, 1 young (1024K), 1 survivors (1024K)
 Metaspace       used 27065K, capacity 27676K, committed 28028K, reserved 1075200K
  class space    used 2839K, capacity 3095K, committed 3196K, reserved 1048576K
}
Event: 929.910 GC heap before
{Heap before GC invocations=7538 (full 0):
 garbage-first heap   total 147456K, used 130911K [0x0000000081c00000, 0x0000000100000000)
  region size 1024K, 74 young (75776K), 1 survivors (1024K)
 Metaspace       used 27078K, capacity 27708K, committed 28028K, reserved 1075200K
  class space    used 2841K, capacity 3127K, committed 3196K, reserved 1048576K
}
Event: 929.910 GC heap after
{Heap after GC invocations=7539 (full 0):
 garbage-first heap   total 147456K, used 56163K [0x0000000081c00000, 0x0000000100000000)
  region size 1024K, 1 young (1024K), 1 survivors (1024K)
 Metaspace       used 27078K, capacity 27708K, committed 28028K, reserved 1075200K
  class space    used 2841K, capacity 3127K, committed 3196K, reserved 1048576K
}
Event: 930.055 GC heap before
{Heap before GC invocations=7539 (full 0):
 garbage-first heap   total 147456K, used 128867K [0x0000000081c00000, 0x0000000100000000)
  region size 1024K, 72 young (73728K), 1 survivors (1024K)
 Metaspace       used 27083K, capacity 27708K, committed 28028K, reserved 1075200K
  class space    used 2841K, capacity 3127K, committed 3196K, reserved 1048576K
}
Event: 930.056 GC heap after
{Heap after GC invocations=7540 (full 0):
 garbage-first heap   total 147456K, used 56163K [0x0000000081c00000, 0x0000000100000000)
  region size 1024K, 1 young (1024K), 1 survivors (1024K)
 Metaspace       used 27083K, capacity 27708K, committed 28028K, reserved 1075200K
  class space    used 2841K, capacity 3127K, committed 3196K, reserved 1048576K
}
Event: 930.177 GC heap before
{Heap before GC invocations=7540 (full 0):
 garbage-first heap   total 147456K, used 128867K [0x0000000081c00000, 0x0000000100000000)
  region size 1024K, 72 young (73728K), 1 survivors (1024K)
 Metaspace       used 27083K, capacity 27708K, committed 28028K, reserved 1075200K
  class space    used 2841K, capacity 3127K, committed 3196K, reserved 1048576K
}
Event: 930.178 GC heap after
{Heap after GC invocations=7541 (full 0):
 garbage-first heap   total 147456K, used 56163K [0x0000000081c00000, 0x0000000100000000)
  region size 1024K, 1 young (1024K), 1 survivors (1024K)
 Metaspace       used 27083K, capacity 27708K, committed 28028K, reserved 1075200K
  class space    used 2841K, capacity 3127K, committed 3196K, reserved 1048576K
}
Event: 930.295 GC heap before
{Heap before GC invocations=7541 (full 0):
 garbage-first heap   total 147456K, used 128867K [0x0000000081c00000, 0x0000000100000000)
  region size 1024K, 72 young (73728K), 1 survivors (1024K)
 Metaspace       used 27083K, capacity 27708K, committed 28028K, reserved 1075200K
  class space    used 2841K, capacity 3127K, committed 3196K, reserved 1048576K
}
Event: 930.296 GC heap after
{Heap after GC invocations=7542 (full 0):
 garbage-first heap   total 147456K, used 56163K [0x0000000081c00000, 0x0000000100000000)
  region size 1024K, 1 young (1024K), 1 survivors (1024K)
 Metaspace       used 27083K, capacity 27708K, committed 28028K, reserved 1075200K
  class space    used 2841K, capacity 3127K, committed 3196K, reserved 1048576K
}
Event: 930.413 GC heap before
{Heap before GC invocations=7542 (full 0):
 garbage-first heap   total 147456K, used 128867K [0x0000000081c00000, 0x0000000100000000)
  region size 1024K, 72 young (73728K), 1 survivors (1024K)
 Metaspace       used 27084K, capacity 27708K, committed 28028K, reserved 1075200K
  class space    used 2841K, capacity 3127K, committed 3196K, reserved 1048576K
}
Event: 930.414 GC heap after
{Heap after GC invocations=7543 (full 0):
 garbage-first heap   total 147456K, used 56163K [0x0000000081c00000, 0x0000000100000000)
  region size 1024K, 1 young (1024K), 1 survivors (1024K)
 Metaspace       used 27084K, capacity 27708K, committed 28028K, reserved 1075200K
  class space    used 2841K, capacity 3127K, committed 3196K, reserved 1048576K
}
Event: 930.530 GC heap before
{Heap before GC invocations=7543 (full 0):
 garbage-first heap   total 147456K, used 128867K [0x0000000081c00000, 0x0000000100000000)
  region size 1024K, 72 young (73728K), 1 survivors (1024K)
 Metaspace       used 27087K, capacity 27708K, committed 28028K, reserved 1075200K
  class space    used 2841K, capacity 3127K, committed 3196K, reserved 1048576K
}
Event: 930.530 GC heap after
{Heap after GC invocations=7544 (full 0):
 garbage-first heap   total 147456K, used 56163K [0x0000000081c00000, 0x0000000100000000)
  region size 1024K, 1 young (1024K), 1 survivors (1024K)
 Metaspace       used 27087K, capacity 27708K, committed 28028K, reserved 1075200K
  class space    used 2841K, capacity 3127K, committed 3196K, reserved 1048576K
}
Event: 930.649 GC heap before
{Heap before GC invocations=7544 (full 0):
 garbage-first heap   total 147456K, used 128867K [0x0000000081c00000, 0x0000000100000000)
  region size 1024K, 72 young (73728K), 1 survivors (1024K)
 Metaspace       used 27087K, capacity 27708K, committed 28028K, reserved 1075200K
  class space    used 2841K, capacity 3127K, committed 3196K, reserved 1048576K
}
Event: 930.649 GC heap after
{Heap after GC invocations=7545 (full 0):
 garbage-first heap   total 147456K, used 56163K [0x0000000081c00000, 0x0000000100000000)
  region size 1024K, 1 young (1024K), 1 survivors (1024K)
 Metaspace       used 27087K, capacity 27708K, committed 28028K, reserved 1075200K
  class space    used 2841K, capacity 3127K, committed 3196K, reserved 1048576K
}
Event: 930.766 GC heap before
{Heap before GC invocations=7545 (full 0):
 garbage-first heap   total 147456K, used 128867K [0x0000000081c00000, 0x0000000100000000)
  region size 1024K, 72 young (73728K), 1 survivors (1024K)
 Metaspace       used 27087K, capacity 27708K, committed 28028K, reserved 1075200K
  class space    used 2841K, capacity 3127K, committed 3196K, reserved 1048576K
}
Event: 930.767 GC heap after
{Heap after GC invocations=7546 (full 0):
 garbage-first heap   total 147456K, used 56163K [0x0000000081c00000, 0x0000000100000000)
  region size 1024K, 1 young (1024K), 1 survivors (1024K)
 Metaspace       used 27087K, capacity 27708K, committed 28028K, reserved 1075200K
  class space    used 2841K, capacity 3127K, committed 3196K, reserved 1048576K
}

